Using pre-set license
Built from '2020.2/release' branch; Version is '2020.2.1f1 (270dd8c3da1c) revision 2559448'; Using compiler version '192528614'; Build Type 'Release'
OS: 'Windows 10  (10.0.0) 64bit' Language: 'en' Physical Memory: 8047 MB
BatchMode: 1, IsHumanControllingUs: 0, StartBugReporterOnCrash: 0, Is64bit: 1, IsPro: 0

 COMMAND LINE ARGUMENTS:
C:\Program Files\Unity\Hub\Editor\2020.2.1f1\Editor\Unity.exe
-adb2
-batchMode
-noUpm
-name
AssetImportWorker0
-projectPath
D:/Unity Projects/InventorySystem
-logFile
Logs/AssetImportWorker0.log
-srvPort
50040
Successfully changed project path to: D:/Unity Projects/InventorySystem
D:/Unity Projects/InventorySystem
Using Asset Import Pipeline V2.
Refreshing native plugins compatible for Editor in 38.83 ms, found 0 plugins.
Preloading 0 native plugins for Editor in 0.00 ms.
Initialize engine version: 2020.2.1f1 (270dd8c3da1c)
[Subsystems] Discovering subsystems at path C:/Program Files/Unity/Hub/Editor/2020.2.1f1/Editor/Data/Resources/UnitySubsystems
[Subsystems] Discovering subsystems at path D:/Unity Projects/InventorySystem/Assets
GfxDevice: creating device client; threaded=0
Direct3D:
    Version:  Direct3D 11.0 [level 11.1]
    Renderer: NVIDIA GeForce GTX 1050 Ti (ID=0x1c8c)
    Vendor:   
    VRAM:     4021 MB
    Driver:   25.21.14.2546
Initialize mono
Mono path[0] = 'C:/Program Files/Unity/Hub/Editor/2020.2.1f1/Editor/Data/Managed'
Mono path[1] = 'C:/Program Files/Unity/Hub/Editor/2020.2.1f1/Editor/Data/MonoBleedingEdge/lib/mono/unityjit'
Mono config path = 'C:/Program Files/Unity/Hub/Editor/2020.2.1f1/Editor/Data/MonoBleedingEdge/etc'
Using monoOptions --debugger-agent=transport=dt_socket,embedding=1,server=y,suspend=n,address=127.0.0.1:56672
Begin MonoManager ReloadAssembly
Registering precompiled unity dll's ...
Register platform support module: C:/Program Files/Unity/Hub/Editor/2020.2.1f1/Editor/Data/PlaybackEngines/WebGLSupport/UnityEditor.WebGL.Extensions.dll
Register platform support module: C:/Program Files/Unity/Hub/Editor/2020.2.1f1/Editor/Data/PlaybackEngines/WindowsStandaloneSupport/UnityEditor.WindowsStandalone.Extensions.dll
Registered in 0.004248 seconds.
Native extension for WindowsStandalone target not found
Native extension for WebGL target not found
Refreshing native plugins compatible for Editor in 78.44 ms, found 0 plugins.
Preloading 0 native plugins for Editor in 0.00 ms.
Invoked RoslynAnalysisRunner static constructor.
RoslynAnalysisRunner will not be running.
RoslynAnalysisRunner has terminated.
Mono: successfully reloaded assembly
- Completed reload, in  2.351 seconds
Platform modules already initialized, skipping
Registering precompiled user dll's ...
Registered in 0.022196 seconds.
Begin MonoManager ReloadAssembly
Native extension for WindowsStandalone target not found
Native extension for WebGL target not found
Refreshing native plugins compatible for Editor in 0.40 ms, found 0 plugins.
Preloading 0 native plugins for Editor in 0.00 ms.
Invoked RoslynAnalysisRunner static constructor.
RoslynAnalysisRunner will not be running.
RoslynAnalysisRunner has terminated.
Mono: successfully reloaded assembly
- Completed reload, in  2.060 seconds
Platform modules already initialized, skipping
========================================================================
Worker process is ready to serve import requests
Launched and connected shader compiler UnityShaderCompiler.exe after 0.18 seconds
Refreshing native plugins compatible for Editor in 0.26 ms, found 0 plugins.
Preloading 0 native plugins for Editor in 0.00 ms.
Unloading 1118 Unused Serialized files (Serialized files now loaded: 0)
System memory in use before: 57.0 MB.
System memory in use after: 57.0 MB.

Unloading 10 unused Assets to reduce memory usage. Loaded Objects now: 1560.
Total: 3.644800 ms (FindLiveObjects: 0.234500 ms CreateObjectMapping: 0.154900 ms MarkObjects: 3.041900 ms  DeleteObjects: 0.211400 ms)

========================================================================
Received Import Request.
  path: Assets/Scripts/Common/Editor/CompositeScriptableObjectEditor.cs
  artifactKey: Guid(7db3a2f30c7b1c1489412babda04b950) Importer(815301076,1909f56bfc062723c751e8b465ee728b)
Start importing Assets/Scripts/Common/Editor/CompositeScriptableObjectEditor.cs using Guid(7db3a2f30c7b1c1489412babda04b950) Importer(815301076,1909f56bfc062723c751e8b465ee728b)  -> (artifact id: 'e33b31c88fb9bfd33f9b334aacb01ddf') in 0.126717 seconds
  Import took 0.157553 seconds .

========================================================================
Received Import Request.
  Time since last request: 32.067521 seconds.
  path: Assets/Scripts/Common/Editor/CompositeScriptableObjectEditor.cs
  artifactKey: Guid(7db3a2f30c7b1c1489412babda04b950) Importer(815301076,1909f56bfc062723c751e8b465ee728b)
Start importing Assets/Scripts/Common/Editor/CompositeScriptableObjectEditor.cs using Guid(7db3a2f30c7b1c1489412babda04b950) Importer(815301076,1909f56bfc062723c751e8b465ee728b)  -> (artifact id: '7817dfb844a1e0651b21bc8858ad824c') in 0.007367 seconds
  Import took 0.021559 seconds .

========================================================================
Received Import Request.
  Time since last request: 8.050039 seconds.
  path: Assets/Scripts/Common/Editor/CompositeScriptableObjectEditor.cs
  artifactKey: Guid(7db3a2f30c7b1c1489412babda04b950) Importer(815301076,1909f56bfc062723c751e8b465ee728b)
Start importing Assets/Scripts/Common/Editor/CompositeScriptableObjectEditor.cs using Guid(7db3a2f30c7b1c1489412babda04b950) Importer(815301076,1909f56bfc062723c751e8b465ee728b)  -> (artifact id: 'a56cd88de0816b3f280d9cf29b043ca9') in 0.003067 seconds
  Import took 0.015792 seconds .

========================================================================
Received Import Request.
  Time since last request: 17.436622 seconds.
  path: Assets/Scripts/Common/Editor/CompositeScriptableObjectEditor.cs
  artifactKey: Guid(7db3a2f30c7b1c1489412babda04b950) Importer(815301076,1909f56bfc062723c751e8b465ee728b)
Start importing Assets/Scripts/Common/Editor/CompositeScriptableObjectEditor.cs using Guid(7db3a2f30c7b1c1489412babda04b950) Importer(815301076,1909f56bfc062723c751e8b465ee728b)  -> (artifact id: '3de5893e7cf2539be5f67722aea0e838') in 0.003074 seconds
  Import took 0.023095 seconds .

========================================================================
Received Import Request.
  Time since last request: 49.556256 seconds.
  path: Assets/Scripts/Common/Editor/CompositeScriptableObjectEditor.cs
  artifactKey: Guid(7db3a2f30c7b1c1489412babda04b950) Importer(815301076,1909f56bfc062723c751e8b465ee728b)
Start importing Assets/Scripts/Common/Editor/CompositeScriptableObjectEditor.cs using Guid(7db3a2f30c7b1c1489412babda04b950) Importer(815301076,1909f56bfc062723c751e8b465ee728b)  -> (artifact id: 'fb4d29cf3a651dc9d819ddafc60a82bb') in 0.024142 seconds
  Import took 0.041706 seconds .

========================================================================
Received Prepare
Registering precompiled user dll's ...
Registered in 0.000671 seconds.
Begin MonoManager ReloadAssembly
Native extension for WindowsStandalone target not found
Native extension for WebGL target not found
Refreshing native plugins compatible for Editor in 0.20 ms, found 0 plugins.
Preloading 0 native plugins for Editor in 0.00 ms.
Invoked RoslynAnalysisRunner static constructor.
RoslynAnalysisRunner will not be running.
RoslynAnalysisRunner has terminated.
Mono: successfully reloaded assembly
- Completed reload, in  0.769 seconds
Platform modules already initialized, skipping
Refreshing native plugins compatible for Editor in 0.20 ms, found 0 plugins.
Preloading 0 native plugins for Editor in 0.00 ms.
Unloading 1113 Unused Serialized files (Serialized files now loaded: 0)
System memory in use before: 57.0 MB.
System memory in use after: 57.1 MB.

Unloading 5 unused Assets to reduce memory usage. Loaded Objects now: 1562.
Total: 2.276900 ms (FindLiveObjects: 0.156200 ms CreateObjectMapping: 0.045800 ms MarkObjects: 2.023600 ms  DeleteObjects: 0.050000 ms)

